This file contains any messages produced by compilers while
running configure, to aid debugging if configure makes a mistake.

It was created by cnusb.c configure 1.0.0, which was
generated by GNU Autoconf 2.69.  Invocation command line was

  $ ./configure --prefix=/usr

## --------- ##
## Platform. ##
## --------- ##

hostname = richter-lenovo-IdeaPad-Z500
uname -m = x86_64
uname -r = 3.16.7-031607-generic
uname -s = Linux
uname -v = #201410301735 SMP Thu Oct 30 17:37:43 UTC 2014

/usr/bin/uname -p = unknown
/bin/uname -X     = unknown

/bin/arch              = unknown
/usr/bin/arch -k       = unknown
/usr/convex/getsysinfo = unknown
/usr/bin/hostinfo      = unknown
/bin/machine           = unknown
/usr/bin/oslevel       = unknown
/bin/universe          = unknown

PATH: /usr/sbin
PATH: /usr/bin
PATH: /sbin
PATH: /bin
PATH: /usr/bin/X11


## ----------- ##
## Core tests. ##
## ----------- ##

configure:2186: checking for a BSD-compatible install
configure:2254: result: /usr/bin/install -c
configure:2265: checking whether build environment is sane
configure:2320: result: yes
configure:2471: checking for a thread-safe mkdir -p
configure:2510: result: /bin/mkdir -p
configure:2517: checking for gawk
configure:2533: found /usr/bin/gawk
configure:2544: result: gawk
configure:2555: checking whether make sets $(MAKE)
configure:2577: result: yes
configure:2606: checking whether make supports nested variables
configure:2623: result: yes
configure:2806: checking for gcc
configure:2822: found /usr/bin/gcc
configure:2833: result: gcc
configure:3062: checking for C compiler version
configure:3071: gcc --version >&5
gcc-4.9.real (Ubuntu 4.9.1-16ubuntu6) 4.9.1
Copyright (C) 2014 Free Software Foundation, Inc.
This is free software; see the source for copying conditions.  There is NO
warranty; not even for MERCHANTABILITY or FITNESS FOR A PARTICULAR PURPOSE.

configure:3082: $? = 0
configure:3071: gcc -v >&5
Using built-in specs.
COLLECT_GCC=/usr/bin/gcc-4.9.real
COLLECT_LTO_WRAPPER=/usr/lib/gcc/x86_64-linux-gnu/4.9/lto-wrapper
Target: x86_64-linux-gnu
Configured with: ../src/configure -v --with-pkgversion='Ubuntu 4.9.1-16ubuntu6' --with-bugurl=file:///usr/share/doc/gcc-4.9/README.Bugs --enable-languages=c,c++,java,go,d,fortran,objc,obj-c++ --prefix=/usr --program-suffix=-4.9 --enable-shared --enable-linker-build-id --libexecdir=/usr/lib --without-included-gettext --enable-threads=posix --with-gxx-include-dir=/usr/include/c++/4.9 --libdir=/usr/lib --enable-nls --with-sysroot=/ --enable-clocale=gnu --enable-libstdcxx-debug --enable-libstdcxx-time=yes --enable-gnu-unique-object --disable-vtable-verify --enable-plugin --with-system-zlib --disable-browser-plugin --enable-java-awt=gtk --enable-gtk-cairo --with-java-home=/usr/lib/jvm/java-1.5.0-gcj-4.9-amd64/jre --enable-java-home --with-jvm-root-dir=/usr/lib/jvm/java-1.5.0-gcj-4.9-amd64 --with-jvm-jar-dir=/usr/lib/jvm-exports/java-1.5.0-gcj-4.9-amd64 --with-arch-directory=amd64 --with-ecj-jar=/usr/share/java/eclipse-ecj.jar --enable-objc-gc --enable-multiarch --disable-werror --with-arch-32=i686 --with-abi=m64 --with-multilib-list=m32,m64,mx32 --enable-multilib --with-tune=generic --enable-checking=release --build=x86_64-linux-gnu --host=x86_64-linux-gnu --target=x86_64-linux-gnu
Thread model: posix
gcc version 4.9.1 (Ubuntu 4.9.1-16ubuntu6) 
configure:3082: $? = 0
configure:3071: gcc -V >&5
gcc-4.9.real: error: unrecognized command line option '-V'
gcc-4.9.real: fatal error: no input files
compilation terminated.
configure:3082: $? = 4
configure:3071: gcc -qversion >&5
gcc-4.9.real: error: unrecognized command line option '-qversion'
gcc-4.9.real: fatal error: no input files
compilation terminated.
configure:3082: $? = 4
configure:3102: checking whether the C compiler works
configure:3124: gcc    conftest.c  >&5
configure:3128: $? = 0
configure:3176: result: yes
configure:3179: checking for C compiler default output file name
configure:3181: result: a.out
configure:3187: checking for suffix of executables
configure:3194: gcc -o conftest    conftest.c  >&5
configure:3198: $? = 0
configure:3220: result: 
configure:3242: checking whether we are cross compiling
configure:3250: gcc -o conftest    conftest.c  >&5
configure:3254: $? = 0
configure:3261: ./conftest
configure:3265: $? = 0
configure:3280: result: no
configure:3285: checking for suffix of object files
configure:3307: gcc -c   conftest.c >&5
configure:3311: $? = 0
configure:3332: result: o
configure:3336: checking whether we are using the GNU C compiler
configure:3355: gcc -c   conftest.c >&5
configure:3355: $? = 0
configure:3364: result: yes
configure:3373: checking whether gcc accepts -g
configure:3393: gcc -c -g  conftest.c >&5
configure:3393: $? = 0
configure:3434: result: yes
configure:3451: checking for gcc option to accept ISO C89
configure:3514: gcc  -c -g -O2  conftest.c >&5
configure:3514: $? = 0
configure:3527: result: none needed
configure:3552: checking whether gcc understands -c and -o together
configure:3574: gcc -c conftest.c -o conftest2.o
configure:3577: $? = 0
configure:3574: gcc -c conftest.c -o conftest2.o
configure:3577: $? = 0
configure:3589: result: yes
configure:3617: checking for style of include used by make
configure:3645: result: GNU
configure:3671: checking dependency style of gcc
configure:3782: result: gcc3
configure:3807: checking how to run the C preprocessor
configure:3838: gcc -E  conftest.c
configure:3838: $? = 0
configure:3852: gcc -E  conftest.c
conftest.c:10:28: fatal error: ac_nonexistent.h: No such file or directory
 #include <ac_nonexistent.h>
                            ^
compilation terminated.
configure:3852: $? = 1
configure: failed program was:
| /* confdefs.h */
| #define PACKAGE_NAME "cnusb.c"
| #define PACKAGE_TARNAME "cnusb-c"
| #define PACKAGE_VERSION "1.0.0"
| #define PACKAGE_STRING "cnusb.c 1.0.0"
| #define PACKAGE_BUGREPORT ""
| #define PACKAGE_URL ""
| #define PROG_PATH "/usr/bin"
| /* end confdefs.h.  */
| #include <ac_nonexistent.h>
configure:3877: result: gcc -E
configure:3897: gcc -E  conftest.c
configure:3897: $? = 0
configure:3911: gcc -E  conftest.c
conftest.c:10:28: fatal error: ac_nonexistent.h: No such file or directory
 #include <ac_nonexistent.h>
                            ^
compilation terminated.
configure:3911: $? = 1
configure: failed program was:
| /* confdefs.h */
| #define PACKAGE_NAME "cnusb.c"
| #define PACKAGE_TARNAME "cnusb-c"
| #define PACKAGE_VERSION "1.0.0"
| #define PACKAGE_STRING "cnusb.c 1.0.0"
| #define PACKAGE_BUGREPORT ""
| #define PACKAGE_URL ""
| #define PROG_PATH "/usr/bin"
| /* end confdefs.h.  */
| #include <ac_nonexistent.h>
configure:3940: checking for grep that handles long lines and -e
configure:3998: result: /bin/grep
configure:4003: checking for egrep
configure:4065: result: /bin/grep -E
configure:4070: checking for ANSI C header files
configure:4090: gcc -c -g -O2  conftest.c >&5
configure:4090: $? = 0
configure:4163: gcc -o conftest -g -O2   conftest.c  >&5
configure:4163: $? = 0
configure:4163: ./conftest
configure:4163: $? = 0
configure:4174: result: yes
configure:4187: checking for sys/types.h
configure:4187: gcc -c -g -O2  conftest.c >&5
configure:4187: $? = 0
configure:4187: result: yes
configure:4187: checking for sys/stat.h
configure:4187: gcc -c -g -O2  conftest.c >&5
configure:4187: $? = 0
configure:4187: result: yes
configure:4187: checking for stdlib.h
configure:4187: gcc -c -g -O2  conftest.c >&5
configure:4187: $? = 0
configure:4187: result: yes
configure:4187: checking for string.h
configure:4187: gcc -c -g -O2  conftest.c >&5
configure:4187: $? = 0
configure:4187: result: yes
configure:4187: checking for memory.h
configure:4187: gcc -c -g -O2  conftest.c >&5
configure:4187: $? = 0
configure:4187: result: yes
configure:4187: checking for strings.h
configure:4187: gcc -c -g -O2  conftest.c >&5
configure:4187: $? = 0
configure:4187: result: yes
configure:4187: checking for inttypes.h
configure:4187: gcc -c -g -O2  conftest.c >&5
configure:4187: $? = 0
configure:4187: result: yes
configure:4187: checking for stdint.h
configure:4187: gcc -c -g -O2  conftest.c >&5
configure:4187: $? = 0
configure:4187: result: yes
configure:4187: checking for unistd.h
configure:4187: gcc -c -g -O2  conftest.c >&5
configure:4187: $? = 0
configure:4187: result: yes
configure:4202: checking fcntl.h usability
configure:4202: gcc -c -g -O2  conftest.c >&5
configure:4202: $? = 0
configure:4202: result: yes
configure:4202: checking fcntl.h presence
configure:4202: gcc -E  conftest.c
configure:4202: $? = 0
configure:4202: result: yes
configure:4202: checking for fcntl.h
configure:4202: result: yes
configure:4202: checking for stdlib.h
configure:4202: result: yes
configure:4202: checking sys/ioctl.h usability
configure:4202: gcc -c -g -O2  conftest.c >&5
configure:4202: $? = 0
configure:4202: result: yes
configure:4202: checking sys/ioctl.h presence
configure:4202: gcc -E  conftest.c
configure:4202: $? = 0
configure:4202: result: yes
configure:4202: checking for sys/ioctl.h
configure:4202: result: yes
configure:4202: checking termios.h usability
configure:4202: gcc -c -g -O2  conftest.c >&5
configure:4202: $? = 0
configure:4202: result: yes
configure:4202: checking termios.h presence
configure:4202: gcc -E  conftest.c
configure:4202: $? = 0
configure:4202: result: yes
configure:4202: checking for termios.h
configure:4202: result: yes
configure:4217: checking whether gcc needs -traditional
configure:4251: result: no
configure:4261: checking sys/select.h usability
configure:4261: gcc -c -g -O2  conftest.c >&5
configure:4261: $? = 0
configure:4261: result: yes
configure:4261: checking sys/select.h presence
configure:4261: gcc -E  conftest.c
configure:4261: $? = 0
configure:4261: result: yes
configure:4261: checking for sys/select.h
configure:4261: result: yes
configure:4261: checking sys/socket.h usability
configure:4261: gcc -c -g -O2  conftest.c >&5
configure:4261: $? = 0
configure:4261: result: yes
configure:4261: checking sys/socket.h presence
configure:4261: gcc -E  conftest.c
configure:4261: $? = 0
configure:4261: result: yes
configure:4261: checking for sys/socket.h
configure:4261: result: yes
configure:4271: checking types of arguments for select
configure:4299: gcc -c -g -O2  conftest.c >&5
configure:4299: $? = 0
configure:4310: result: int,fd_set *,struct timeval *
configure:4333: checking return type of signal handlers
configure:4351: gcc -c -g -O2  conftest.c >&5
conftest.c: In function 'main':
conftest.c:35:1: error: void value not ignored as it ought to be
 return *(signal (0, 0)) (0) == 1;
 ^
configure:4351: $? = 1
configure: failed program was:
| /* confdefs.h */
| #define PACKAGE_NAME "cnusb.c"
| #define PACKAGE_TARNAME "cnusb-c"
| #define PACKAGE_VERSION "1.0.0"
| #define PACKAGE_STRING "cnusb.c 1.0.0"
| #define PACKAGE_BUGREPORT ""
| #define PACKAGE_URL ""
| #define PROG_PATH "/usr/bin"
| #define STDC_HEADERS 1
| #define HAVE_SYS_TYPES_H 1
| #define HAVE_SYS_STAT_H 1
| #define HAVE_STDLIB_H 1
| #define HAVE_STRING_H 1
| #define HAVE_MEMORY_H 1
| #define HAVE_STRINGS_H 1
| #define HAVE_INTTYPES_H 1
| #define HAVE_STDINT_H 1
| #define HAVE_UNISTD_H 1
| #define HAVE_FCNTL_H 1
| #define HAVE_STDLIB_H 1
| #define HAVE_SYS_IOCTL_H 1
| #define HAVE_TERMIOS_H 1
| #define HAVE_SYS_SELECT_H 1
| #define HAVE_SYS_SOCKET_H 1
| #define SELECT_TYPE_ARG1 int
| #define SELECT_TYPE_ARG234 (fd_set *)
| #define SELECT_TYPE_ARG5 (struct timeval *)
| /* end confdefs.h.  */
| #include <sys/types.h>
| #include <signal.h>
| 
| int
| main ()
| {
| return *(signal (0, 0)) (0) == 1;
|   ;
|   return 0;
| }
configure:4358: result: void
configure:4368: checking for vprintf
configure:4368: gcc -o conftest -g -O2   conftest.c  >&5
conftest.c:53:6: warning: conflicting types for built-in function 'vprintf'
 char vprintf ();
      ^
configure:4368: $? = 0
configure:4368: result: yes
configure:4374: checking for _doprnt
configure:4374: gcc -o conftest -g -O2   conftest.c  >&5
/tmp/ccOkDWNm.o: In function `main':
/mnt/DATA/richter/Hardware/Canon_MF4150/2.90_de_DE/deutsch/Sources/cndrvcups-common-2.90/backend/conftest.c:65: undefined reference to `_doprnt'
collect2: error: ld returned 1 exit status
configure:4374: $? = 1
configure: failed program was:
| /* confdefs.h */
| #define PACKAGE_NAME "cnusb.c"
| #define PACKAGE_TARNAME "cnusb-c"
| #define PACKAGE_VERSION "1.0.0"
| #define PACKAGE_STRING "cnusb.c 1.0.0"
| #define PACKAGE_BUGREPORT ""
| #define PACKAGE_URL ""
| #define PROG_PATH "/usr/bin"
| #define STDC_HEADERS 1
| #define HAVE_SYS_TYPES_H 1
| #define HAVE_SYS_STAT_H 1
| #define HAVE_STDLIB_H 1
| #define HAVE_STRING_H 1
| #define HAVE_MEMORY_H 1
| #define HAVE_STRINGS_H 1
| #define HAVE_INTTYPES_H 1
| #define HAVE_STDINT_H 1
| #define HAVE_UNISTD_H 1
| #define HAVE_FCNTL_H 1
| #define HAVE_STDLIB_H 1
| #define HAVE_SYS_IOCTL_H 1
| #define HAVE_TERMIOS_H 1
| #define HAVE_SYS_SELECT_H 1
| #define HAVE_SYS_SOCKET_H 1
| #define SELECT_TYPE_ARG1 int
| #define SELECT_TYPE_ARG234 (fd_set *)
| #define SELECT_TYPE_ARG5 (struct timeval *)
| #define RETSIGTYPE void
| #define HAVE_VPRINTF 1
| /* end confdefs.h.  */
| /* Define _doprnt to an innocuous variant, in case <limits.h> declares _doprnt.
|    For example, HP-UX 11i <limits.h> declares gettimeofday.  */
| #define _doprnt innocuous__doprnt
| 
| /* System header to define __stub macros and hopefully few prototypes,
|     which can conflict with char _doprnt (); below.
|     Prefer <limits.h> to <assert.h> if __STDC__ is defined, since
|     <limits.h> exists even on freestanding compilers.  */
| 
| #ifdef __STDC__
| # include <limits.h>
| #else
| # include <assert.h>
| #endif
| 
| #undef _doprnt
| 
| /* Override any GCC internal prototype to avoid an error.
|    Use char because int might match the return type of a GCC
|    builtin and then its argument prototype would still apply.  */
| #ifdef __cplusplus
| extern "C"
| #endif
| char _doprnt ();
| /* The GNU C library defines this for functions which it implements
|     to always fail with ENOSYS.  Some functions are actually named
|     something starting with __ and the normal name is an alias.  */
| #if defined __stub__doprnt || defined __stub____doprnt
| choke me
| #endif
| 
| int
| main ()
| {
| return _doprnt ();
|   ;
|   return 0;
| }
configure:4374: result: no
configure:4388: checking for memmove
configure:4388: gcc -o conftest -g -O2   conftest.c  >&5
conftest.c:54:6: warning: conflicting types for built-in function 'memmove'
 char memmove ();
      ^
configure:4388: $? = 0
configure:4388: result: yes
configure:4388: checking for memset
configure:4388: gcc -o conftest -g -O2   conftest.c  >&5
conftest.c:55:6: warning: conflicting types for built-in function 'memset'
 char memset ();
      ^
configure:4388: $? = 0
configure:4388: result: yes
configure:4388: checking for select
configure:4388: gcc -o conftest -g -O2   conftest.c  >&5
configure:4388: $? = 0
configure:4388: result: yes
configure:4388: checking for strchr
configure:4388: gcc -o conftest -g -O2   conftest.c  >&5
conftest.c:57:6: warning: conflicting types for built-in function 'strchr'
 char strchr ();
      ^
configure:4388: $? = 0
configure:4388: result: yes
configure:4388: checking for strerror
configure:4388: gcc -o conftest -g -O2   conftest.c  >&5
configure:4388: $? = 0
configure:4388: result: yes
configure:4388: checking for strncasecmp
configure:4388: gcc -o conftest -g -O2   conftest.c  >&5
conftest.c:59:6: warning: conflicting types for built-in function 'strncasecmp'
 char strncasecmp ();
      ^
configure:4388: $? = 0
configure:4388: result: yes
configure:4388: checking for strstr
configure:4388: gcc -o conftest -g -O2   conftest.c  >&5
conftest.c:60:6: warning: conflicting types for built-in function 'strstr'
 char strstr ();
      ^
configure:4388: $? = 0
configure:4388: result: yes
configure:4508: checking that generated files are newer than configure
configure:4514: result: done
configure:4537: creating ./config.status

## ---------------------- ##
## Running config.status. ##
## ---------------------- ##

This file was extended by cnusb.c config.status 1.0.0, which was
generated by GNU Autoconf 2.69.  Invocation command line was

  CONFIG_FILES    = 
  CONFIG_HEADERS  = 
  CONFIG_LINKS    = 
  CONFIG_COMMANDS = 
  $ ./config.status 

on richter-lenovo-IdeaPad-Z500

config.status:870: creating Makefile
config.status:870: creating config.h
config.status:1099: executing depfiles commands

## ---------------- ##
## Cache variables. ##
## ---------------- ##

ac_cv_c_compiler_gnu=yes
ac_cv_env_CC_set=
ac_cv_env_CC_value=
ac_cv_env_CFLAGS_set=
ac_cv_env_CFLAGS_value=
ac_cv_env_CPPFLAGS_set=
ac_cv_env_CPPFLAGS_value=
ac_cv_env_CPP_set=
ac_cv_env_CPP_value=
ac_cv_env_LDFLAGS_set=
ac_cv_env_LDFLAGS_value=
ac_cv_env_LIBS_set=
ac_cv_env_LIBS_value=
ac_cv_env_build_alias_set=
ac_cv_env_build_alias_value=
ac_cv_env_host_alias_set=
ac_cv_env_host_alias_value=
ac_cv_env_target_alias_set=
ac_cv_env_target_alias_value=
ac_cv_func__doprnt=no
ac_cv_func_memmove=yes
ac_cv_func_memset=yes
ac_cv_func_select=yes
ac_cv_func_select_args='int,fd_set *,struct timeval *'
ac_cv_func_strchr=yes
ac_cv_func_strerror=yes
ac_cv_func_strncasecmp=yes
ac_cv_func_strstr=yes
ac_cv_func_vprintf=yes
ac_cv_header_fcntl_h=yes
ac_cv_header_inttypes_h=yes
ac_cv_header_memory_h=yes
ac_cv_header_stdc=yes
ac_cv_header_stdint_h=yes
ac_cv_header_stdlib_h=yes
ac_cv_header_string_h=yes
ac_cv_header_strings_h=yes
ac_cv_header_sys_ioctl_h=yes
ac_cv_header_sys_select_h=yes
ac_cv_header_sys_socket_h=yes
ac_cv_header_sys_stat_h=yes
ac_cv_header_sys_types_h=yes
ac_cv_header_termios_h=yes
ac_cv_header_unistd_h=yes
ac_cv_objext=o
ac_cv_path_EGREP='/bin/grep -E'
ac_cv_path_GREP=/bin/grep
ac_cv_path_install='/usr/bin/install -c'
ac_cv_path_mkdir=/bin/mkdir
ac_cv_prog_AWK=gawk
ac_cv_prog_CPP='gcc -E'
ac_cv_prog_ac_ct_CC=gcc
ac_cv_prog_cc_c89=
ac_cv_prog_cc_g=yes
ac_cv_prog_gcc_traditional=no
ac_cv_prog_make_make_set=yes
ac_cv_type_signal=void
am_cv_CC_dependencies_compiler_type=gcc3
am_cv_make_support_nested_variables=yes
am_cv_prog_cc_c_o=yes

## ----------------- ##
## Output variables. ##
## ----------------- ##

ACLOCAL='${SHELL} /mnt/DATA/richter/Hardware/Canon_MF4150/2.90_de_DE/deutsch/Sources/cndrvcups-common-2.90/backend/missing aclocal-1.14'
AMDEPBACKSLASH='\'
AMDEP_FALSE='#'
AMDEP_TRUE=''
AMTAR='$${TAR-tar}'
AM_BACKSLASH='\'
AM_DEFAULT_V='$(AM_DEFAULT_VERBOSITY)'
AM_DEFAULT_VERBOSITY='1'
AM_V='$(V)'
AUTOCONF='${SHELL} /mnt/DATA/richter/Hardware/Canon_MF4150/2.90_de_DE/deutsch/Sources/cndrvcups-common-2.90/backend/missing autoconf'
AUTOHEADER='${SHELL} /mnt/DATA/richter/Hardware/Canon_MF4150/2.90_de_DE/deutsch/Sources/cndrvcups-common-2.90/backend/missing autoheader'
AUTOMAKE='${SHELL} /mnt/DATA/richter/Hardware/Canon_MF4150/2.90_de_DE/deutsch/Sources/cndrvcups-common-2.90/backend/missing automake-1.14'
AWK='gawk'
CC='gcc'
CCDEPMODE='depmode=gcc3'
CFLAGS='-g -O2'
CPP='gcc -E'
CPPFLAGS=''
CYGPATH_W='echo'
DEFS='-DHAVE_CONFIG_H'
DEPDIR='.deps'
ECHO_C=''
ECHO_N='-n'
ECHO_T=''
EGREP='/bin/grep -E'
EXEEXT=''
GREP='/bin/grep'
INSTALL_DATA='${INSTALL} -m 644'
INSTALL_PROGRAM='${INSTALL}'
INSTALL_SCRIPT='${INSTALL}'
INSTALL_STRIP_PROGRAM='$(install_sh) -c -s'
LDFLAGS=''
LIBOBJS=''
LIBS=''
LTLIBOBJS=''
MAKEINFO='${SHELL} /mnt/DATA/richter/Hardware/Canon_MF4150/2.90_de_DE/deutsch/Sources/cndrvcups-common-2.90/backend/missing makeinfo'
MKDIR_P='/bin/mkdir -p'
OBJEXT='o'
PACKAGE='cnusb'
PACKAGE_BUGREPORT=''
PACKAGE_NAME='cnusb.c'
PACKAGE_STRING='cnusb.c 1.0.0'
PACKAGE_TARNAME='cnusb-c'
PACKAGE_URL=''
PACKAGE_VERSION='1.0.0'
PATH_SEPARATOR=':'
PROG_PATH=''
SET_MAKE=''
SHELL='/bin/bash'
STRIP=''
VERSION='1.0.0'
ac_ct_CC='gcc'
am__EXEEXT_FALSE=''
am__EXEEXT_TRUE='#'
am__fastdepCC_FALSE='#'
am__fastdepCC_TRUE=''
am__include='include'
am__isrc=''
am__leading_dot='.'
am__nodep='_no'
am__quote=''
am__tar='$${TAR-tar} chof - "$$tardir"'
am__untar='$${TAR-tar} xf -'
bindir='${exec_prefix}/bin'
build_alias=''
datadir='${datarootdir}'
datarootdir='${prefix}/share'
docdir='${datarootdir}/doc/${PACKAGE_TARNAME}'
dvidir='${docdir}'
exec_prefix='${prefix}'
host_alias=''
htmldir='${docdir}'
includedir='${prefix}/include'
infodir='${datarootdir}/info'
install_sh='${SHELL} /mnt/DATA/richter/Hardware/Canon_MF4150/2.90_de_DE/deutsch/Sources/cndrvcups-common-2.90/backend/install-sh'
libdir='${exec_prefix}/lib'
libexecdir='${exec_prefix}/libexec'
localedir='${datarootdir}/locale'
localstatedir='${prefix}/var'
mandir='${datarootdir}/man'
mkdir_p='$(MKDIR_P)'
oldincludedir='/usr/include'
pdfdir='${docdir}'
prefix='/usr'
program_transform_name='s,x,x,'
psdir='${docdir}'
sbindir='${exec_prefix}/sbin'
sharedstatedir='${prefix}/com'
sysconfdir='${prefix}/etc'
target_alias=''

## ----------- ##
## confdefs.h. ##
## ----------- ##

/* confdefs.h */
#define PACKAGE_NAME "cnusb.c"
#define PACKAGE_TARNAME "cnusb-c"
#define PACKAGE_VERSION "1.0.0"
#define PACKAGE_STRING "cnusb.c 1.0.0"
#define PACKAGE_BUGREPORT ""
#define PACKAGE_URL ""
#define PROG_PATH "/usr/bin"
#define STDC_HEADERS 1
#define HAVE_SYS_TYPES_H 1
#define HAVE_SYS_STAT_H 1
#define HAVE_STDLIB_H 1
#define HAVE_STRING_H 1
#define HAVE_MEMORY_H 1
#define HAVE_STRINGS_H 1
#define HAVE_INTTYPES_H 1
#define HAVE_STDINT_H 1
#define HAVE_UNISTD_H 1
#define HAVE_FCNTL_H 1
#define HAVE_STDLIB_H 1
#define HAVE_SYS_IOCTL_H 1
#define HAVE_TERMIOS_H 1
#define HAVE_SYS_SELECT_H 1
#define HAVE_SYS_SOCKET_H 1
#define SELECT_TYPE_ARG1 int
#define SELECT_TYPE_ARG234 (fd_set *)
#define SELECT_TYPE_ARG5 (struct timeval *)
#define RETSIGTYPE void
#define HAVE_VPRINTF 1
#define HAVE_MEMMOVE 1
#define HAVE_MEMSET 1
#define HAVE_SELECT 1
#define HAVE_STRCHR 1
#define HAVE_STRERROR 1
#define HAVE_STRNCASECMP 1
#define HAVE_STRSTR 1

configure: exit 0
