This file contains any messages produced by compilers while
running configure, to aid debugging if configure makes a mistake.

It was created by configure, which was
generated by GNU Autoconf 2.69.  Invocation command line was

  $ ./configure --enable-maintainer-mode

## --------- ##
## Platform. ##
## --------- ##

hostname = richter-lenovo-IdeaPad-Z500
uname -m = x86_64
uname -r = 3.18.2-031802-generic
uname -s = Linux
uname -v = #201501082011 SMP Thu Jan 8 20:13:03 UTC 2015

/usr/bin/uname -p = unknown
/bin/uname -X     = unknown

/bin/arch              = unknown
/usr/bin/arch -k       = unknown
/usr/convex/getsysinfo = unknown
/usr/bin/hostinfo      = unknown
/bin/machine           = unknown
/usr/bin/oslevel       = unknown
/bin/universe          = unknown

PATH: /home/richter/narwhal/bin
PATH: /home/richter/prefix-subversion-current/bin
PATH: /home/richter/.local/bin
PATH: /home/richter/bin
PATH: /home/richter/apache-maven-current/bin
PATH: /home/richter/jython-current/bin
PATH: /home/richter/.cabal/bin
PATH: /usr/local/sbin
PATH: /usr/local/bin
PATH: /usr/sbin
PATH: /usr/bin
PATH: /sbin
PATH: /bin
PATH: /usr/games
PATH: /usr/local/games
PATH: /home/richter/.local/bin
PATH: /home/richter/eclipse-platform-current
PATH: /home/richter/sage-current
PATH: /home/richter/blender-current
PATH: /home/richter/haxe-current
PATH: /home/richter/glassfish-current/glassfish/bin
PATH: /home/richter/gradle-current/bin
PATH: /home/richter/subgit-current/bin
PATH: /usr/local/texlive/2013/bin/x86_64-linux
PATH: /home/richter/sources/meld/bin
PATH: /sbin
PATH: /usr/sbin
PATH: /home/richter/.linuxbrew/bin
PATH: /usr/java/latest/bin
PATH: /home/richter/geogig-current/bin
PATH: /home/richter/sage-current
PATH: /home/richter/subgit-current/bin


## ----------- ##
## Core tests. ##
## ----------- ##

configure:2292: checking for a BSD-compatible install
configure:2360: result: /usr/bin/install -c
configure:2371: checking whether build environment is sane
configure:2426: result: yes
configure:2577: checking for a thread-safe mkdir -p
configure:2616: result: /bin/mkdir -p
configure:2623: checking for gawk
configure:2639: found /usr/bin/gawk
configure:2650: result: gawk
configure:2661: checking whether make sets $(MAKE)
configure:2683: result: yes
configure:2712: checking whether make supports nested variables
configure:2729: result: yes
configure:2859: checking whether to enable maintainer-specific portions of Makefiles
configure:2868: result: yes
configure:2894: checking for style of include used by make
configure:2922: result: GNU
configure:2993: checking for gcc
configure:3009: found /usr/bin/gcc
configure:3020: result: gcc
configure:3249: checking for C compiler version
configure:3258: gcc --version >&5
gcc-4.9.real (Ubuntu 4.9.1-16ubuntu6) 4.9.1
Copyright (C) 2014 Free Software Foundation, Inc.
This is free software; see the source for copying conditions.  There is NO
warranty; not even for MERCHANTABILITY or FITNESS FOR A PARTICULAR PURPOSE.

configure:3269: $? = 0
configure:3258: gcc -v >&5
Using built-in specs.
COLLECT_GCC=/usr/bin/gcc-4.9.real
COLLECT_LTO_WRAPPER=/usr/lib/gcc/x86_64-linux-gnu/4.9/lto-wrapper
Target: x86_64-linux-gnu
Configured with: ../src/configure -v --with-pkgversion='Ubuntu 4.9.1-16ubuntu6' --with-bugurl=file:///usr/share/doc/gcc-4.9/README.Bugs --enable-languages=c,c++,java,go,d,fortran,objc,obj-c++ --prefix=/usr --program-suffix=-4.9 --enable-shared --enable-linker-build-id --libexecdir=/usr/lib --without-included-gettext --enable-threads=posix --with-gxx-include-dir=/usr/include/c++/4.9 --libdir=/usr/lib --enable-nls --with-sysroot=/ --enable-clocale=gnu --enable-libstdcxx-debug --enable-libstdcxx-time=yes --enable-gnu-unique-object --disable-vtable-verify --enable-plugin --with-system-zlib --disable-browser-plugin --enable-java-awt=gtk --enable-gtk-cairo --with-java-home=/usr/lib/jvm/java-1.5.0-gcj-4.9-amd64/jre --enable-java-home --with-jvm-root-dir=/usr/lib/jvm/java-1.5.0-gcj-4.9-amd64 --with-jvm-jar-dir=/usr/lib/jvm-exports/java-1.5.0-gcj-4.9-amd64 --with-arch-directory=amd64 --with-ecj-jar=/usr/share/java/eclipse-ecj.jar --enable-objc-gc --enable-multiarch --disable-werror --with-arch-32=i686 --with-abi=m64 --with-multilib-list=m32,m64,mx32 --enable-multilib --with-tune=generic --enable-checking=release --build=x86_64-linux-gnu --host=x86_64-linux-gnu --target=x86_64-linux-gnu
Thread model: posix
gcc version 4.9.1 (Ubuntu 4.9.1-16ubuntu6) 
configure:3269: $? = 0
configure:3258: gcc -V >&5
gcc-4.9.real: error: unrecognized command line option '-V'
gcc-4.9.real: fatal error: no input files
compilation terminated.
configure:3269: $? = 4
configure:3258: gcc -qversion >&5
gcc-4.9.real: error: unrecognized command line option '-qversion'
gcc-4.9.real: fatal error: no input files
compilation terminated.
configure:3269: $? = 4
configure:3289: checking whether the C compiler works
configure:3311: gcc    conftest.c  >&5
configure:3315: $? = 0
configure:3363: result: yes
configure:3366: checking for C compiler default output file name
configure:3368: result: a.out
configure:3374: checking for suffix of executables
configure:3381: gcc -o conftest    conftest.c  >&5
configure:3385: $? = 0
configure:3407: result: 
configure:3429: checking whether we are cross compiling
configure:3437: gcc -o conftest    conftest.c  >&5
configure:3441: $? = 0
configure:3448: ./conftest
configure:3452: $? = 0
configure:3467: result: no
configure:3472: checking for suffix of object files
configure:3494: gcc -c   conftest.c >&5
configure:3498: $? = 0
configure:3519: result: o
configure:3523: checking whether we are using the GNU C compiler
configure:3542: gcc -c   conftest.c >&5
configure:3542: $? = 0
configure:3551: result: yes
configure:3560: checking whether gcc accepts -g
configure:3580: gcc -c -g  conftest.c >&5
configure:3580: $? = 0
configure:3621: result: yes
configure:3638: checking for gcc option to accept ISO C89
configure:3701: gcc  -c -g -O2  conftest.c >&5
configure:3701: $? = 0
configure:3714: result: none needed
configure:3739: checking whether gcc understands -c and -o together
configure:3761: gcc -c conftest.c -o conftest2.o
configure:3764: $? = 0
configure:3761: gcc -c conftest.c -o conftest2.o
configure:3764: $? = 0
configure:3776: result: yes
configure:3795: checking dependency style of gcc
configure:3906: result: gcc3
configure:3922: checking for library containing strerror
configure:3953: gcc -o conftest -g -O2   conftest.c  >&5
configure:3953: $? = 0
configure:3970: result: none required
configure:4026: checking for gcc
configure:4053: result: gcc
configure:4282: checking for C compiler version
configure:4291: gcc --version >&5
gcc-4.9.real (Ubuntu 4.9.1-16ubuntu6) 4.9.1
Copyright (C) 2014 Free Software Foundation, Inc.
This is free software; see the source for copying conditions.  There is NO
warranty; not even for MERCHANTABILITY or FITNESS FOR A PARTICULAR PURPOSE.

configure:4302: $? = 0
configure:4291: gcc -v >&5
Using built-in specs.
COLLECT_GCC=/usr/bin/gcc-4.9.real
COLLECT_LTO_WRAPPER=/usr/lib/gcc/x86_64-linux-gnu/4.9/lto-wrapper
Target: x86_64-linux-gnu
Configured with: ../src/configure -v --with-pkgversion='Ubuntu 4.9.1-16ubuntu6' --with-bugurl=file:///usr/share/doc/gcc-4.9/README.Bugs --enable-languages=c,c++,java,go,d,fortran,objc,obj-c++ --prefix=/usr --program-suffix=-4.9 --enable-shared --enable-linker-build-id --libexecdir=/usr/lib --without-included-gettext --enable-threads=posix --with-gxx-include-dir=/usr/include/c++/4.9 --libdir=/usr/lib --enable-nls --with-sysroot=/ --enable-clocale=gnu --enable-libstdcxx-debug --enable-libstdcxx-time=yes --enable-gnu-unique-object --disable-vtable-verify --enable-plugin --with-system-zlib --disable-browser-plugin --enable-java-awt=gtk --enable-gtk-cairo --with-java-home=/usr/lib/jvm/java-1.5.0-gcj-4.9-amd64/jre --enable-java-home --with-jvm-root-dir=/usr/lib/jvm/java-1.5.0-gcj-4.9-amd64 --with-jvm-jar-dir=/usr/lib/jvm-exports/java-1.5.0-gcj-4.9-amd64 --with-arch-directory=amd64 --with-ecj-jar=/usr/share/java/eclipse-ecj.jar --enable-objc-gc --enable-multiarch --disable-werror --with-arch-32=i686 --with-abi=m64 --with-multilib-list=m32,m64,mx32 --enable-multilib --with-tune=generic --enable-checking=release --build=x86_64-linux-gnu --host=x86_64-linux-gnu --target=x86_64-linux-gnu
Thread model: posix
gcc version 4.9.1 (Ubuntu 4.9.1-16ubuntu6) 
configure:4302: $? = 0
configure:4291: gcc -V >&5
gcc-4.9.real: error: unrecognized command line option '-V'
gcc-4.9.real: fatal error: no input files
compilation terminated.
configure:4302: $? = 4
configure:4291: gcc -qversion >&5
gcc-4.9.real: error: unrecognized command line option '-qversion'
gcc-4.9.real: fatal error: no input files
compilation terminated.
configure:4302: $? = 4
configure:4306: checking whether we are using the GNU C compiler
configure:4334: result: yes
configure:4343: checking whether gcc accepts -g
configure:4404: result: yes
configure:4421: checking for gcc option to accept ISO C89
configure:4497: result: none needed
configure:4522: checking whether gcc understands -c and -o together
configure:4559: result: yes
configure:4578: checking dependency style of gcc
configure:4689: result: gcc3
configure:4752: checking for gcc
configure:4779: result: gcc
configure:5008: checking for C compiler version
configure:5017: gcc --version >&5
gcc-4.9.real (Ubuntu 4.9.1-16ubuntu6) 4.9.1
Copyright (C) 2014 Free Software Foundation, Inc.
This is free software; see the source for copying conditions.  There is NO
warranty; not even for MERCHANTABILITY or FITNESS FOR A PARTICULAR PURPOSE.

configure:5028: $? = 0
configure:5017: gcc -v >&5
Using built-in specs.
COLLECT_GCC=/usr/bin/gcc-4.9.real
COLLECT_LTO_WRAPPER=/usr/lib/gcc/x86_64-linux-gnu/4.9/lto-wrapper
Target: x86_64-linux-gnu
Configured with: ../src/configure -v --with-pkgversion='Ubuntu 4.9.1-16ubuntu6' --with-bugurl=file:///usr/share/doc/gcc-4.9/README.Bugs --enable-languages=c,c++,java,go,d,fortran,objc,obj-c++ --prefix=/usr --program-suffix=-4.9 --enable-shared --enable-linker-build-id --libexecdir=/usr/lib --without-included-gettext --enable-threads=posix --with-gxx-include-dir=/usr/include/c++/4.9 --libdir=/usr/lib --enable-nls --with-sysroot=/ --enable-clocale=gnu --enable-libstdcxx-debug --enable-libstdcxx-time=yes --enable-gnu-unique-object --disable-vtable-verify --enable-plugin --with-system-zlib --disable-browser-plugin --enable-java-awt=gtk --enable-gtk-cairo --with-java-home=/usr/lib/jvm/java-1.5.0-gcj-4.9-amd64/jre --enable-java-home --with-jvm-root-dir=/usr/lib/jvm/java-1.5.0-gcj-4.9-amd64 --with-jvm-jar-dir=/usr/lib/jvm-exports/java-1.5.0-gcj-4.9-amd64 --with-arch-directory=amd64 --with-ecj-jar=/usr/share/java/eclipse-ecj.jar --enable-objc-gc --enable-multiarch --disable-werror --with-arch-32=i686 --with-abi=m64 --with-multilib-list=m32,m64,mx32 --enable-multilib --with-tune=generic --enable-checking=release --build=x86_64-linux-gnu --host=x86_64-linux-gnu --target=x86_64-linux-gnu
Thread model: posix
gcc version 4.9.1 (Ubuntu 4.9.1-16ubuntu6) 
configure:5028: $? = 0
configure:5017: gcc -V >&5
gcc-4.9.real: error: unrecognized command line option '-V'
gcc-4.9.real: fatal error: no input files
compilation terminated.
configure:5028: $? = 4
configure:5017: gcc -qversion >&5
gcc-4.9.real: error: unrecognized command line option '-qversion'
gcc-4.9.real: fatal error: no input files
compilation terminated.
configure:5028: $? = 4
configure:5032: checking whether we are using the GNU C compiler
configure:5060: result: yes
configure:5069: checking whether gcc accepts -g
configure:5130: result: yes
configure:5147: checking for gcc option to accept ISO C89
configure:5223: result: none needed
configure:5248: checking whether gcc understands -c and -o together
configure:5285: result: yes
configure:5304: checking dependency style of gcc
configure:5415: result: gcc3
configure:5437: checking how to run the C preprocessor
configure:5468: gcc -E  conftest.c
configure:5468: $? = 0
configure:5482: gcc -E  conftest.c
conftest.c:11:28: fatal error: ac_nonexistent.h: No such file or directory
 #include <ac_nonexistent.h>
                            ^
compilation terminated.
configure:5482: $? = 1
configure: failed program was:
| /* confdefs.h */
| #define PACKAGE_NAME ""
| #define PACKAGE_TARNAME ""
| #define PACKAGE_VERSION ""
| #define PACKAGE_STRING ""
| #define PACKAGE_BUGREPORT ""
| #define PACKAGE_URL ""
| #define PACKAGE "cngplp"
| #define VERSION "0.1"
| /* end confdefs.h.  */
| #include <ac_nonexistent.h>
configure:5507: result: gcc -E
configure:5527: gcc -E  conftest.c
configure:5527: $? = 0
configure:5541: gcc -E  conftest.c
conftest.c:11:28: fatal error: ac_nonexistent.h: No such file or directory
 #include <ac_nonexistent.h>
                            ^
compilation terminated.
configure:5541: $? = 1
configure: failed program was:
| /* confdefs.h */
| #define PACKAGE_NAME ""
| #define PACKAGE_TARNAME ""
| #define PACKAGE_VERSION ""
| #define PACKAGE_STRING ""
| #define PACKAGE_BUGREPORT ""
| #define PACKAGE_URL ""
| #define PACKAGE "cngplp"
| #define VERSION "0.1"
| /* end confdefs.h.  */
| #include <ac_nonexistent.h>
configure:5570: checking for grep that handles long lines and -e
configure:5628: result: /bin/grep
configure:5633: checking for egrep
configure:5695: result: /bin/grep -E
configure:5700: checking for ANSI C header files
configure:5720: gcc -c -g -O2  conftest.c >&5
configure:5720: $? = 0
configure:5793: gcc -o conftest -g -O2   conftest.c  >&5
configure:5793: $? = 0
configure:5793: ./conftest
configure:5793: $? = 0
configure:5804: result: yes
configure:5841: checking build system type
configure:5855: result: x86_64-unknown-linux-gnu
configure:5875: checking host system type
configure:5888: result: x86_64-unknown-linux-gnu
configure:5929: checking how to print strings
configure:5956: result: printf
configure:5977: checking for a sed that does not truncate output
configure:6041: result: /bin/sed
configure:6059: checking for fgrep
configure:6121: result: /bin/grep -F
configure:6156: checking for ld used by gcc
configure:6223: result: /usr/bin/ld
configure:6230: checking if the linker (/usr/bin/ld) is GNU ld
configure:6245: result: yes
configure:6257: checking for BSD- or MS-compatible name lister (nm)
configure:6306: result: /usr/bin/nm -B
configure:6436: checking the name lister (/usr/bin/nm -B) interface
configure:6443: gcc -c -g -O2  conftest.c >&5
configure:6446: /usr/bin/nm -B "conftest.o"
configure:6449: output
0000000000000000 B some_variable
configure:6456: result: BSD nm
configure:6459: checking whether ln -s works
configure:6463: result: yes
configure:6471: checking the maximum length of command line arguments
configure:6602: result: 1572864
configure:6619: checking whether the shell understands some XSI constructs
configure:6629: result: yes
configure:6633: checking whether the shell understands "+="
configure:6639: result: yes
configure:6674: checking how to convert x86_64-unknown-linux-gnu file names to x86_64-unknown-linux-gnu format
configure:6714: result: func_convert_file_noop
configure:6721: checking how to convert x86_64-unknown-linux-gnu file names to toolchain format
configure:6741: result: func_convert_file_noop
configure:6748: checking for /usr/bin/ld option to reload object files
configure:6755: result: -r
configure:6829: checking for objdump
configure:6845: found /usr/bin/objdump
configure:6856: result: objdump
configure:6888: checking how to recognize dependent libraries
configure:7086: result: pass_all
configure:7171: checking for dlltool
configure:7201: result: no
configure:7231: checking how to associate runtime and link libraries
configure:7258: result: printf %s\n
configure:7318: checking for ar
configure:7334: found /usr/bin/ar
configure:7345: result: ar
configure:7382: checking for archiver @FILE support
configure:7399: gcc -c -g -O2  conftest.c >&5
configure:7399: $? = 0
configure:7402: ar cru libconftest.a @conftest.lst >&5
configure:7405: $? = 0
configure:7410: ar cru libconftest.a @conftest.lst >&5
ar: conftest.o: No such file or directory
configure:7413: $? = 1
configure:7425: result: @
configure:7483: checking for strip
configure:7499: found /usr/bin/strip
configure:7510: result: strip
configure:7582: checking for ranlib
configure:7598: found /usr/bin/ranlib
configure:7609: result: ranlib
configure:7711: checking command to parse /usr/bin/nm -B output from gcc object
configure:7831: gcc -c -g -O2  conftest.c >&5
configure:7834: $? = 0
configure:7838: /usr/bin/nm -B conftest.o \| sed -n -e 's/^.*[ ]\([ABCDGIRSTW][ABCDGIRSTW]*\)[ ][ ]*\([_A-Za-z][_A-Za-z0-9]*\)$/\1 \2 \2/p' | sed '/ __gnu_lto/d' \> conftest.nm
configure:7841: $? = 0
configure:7907: gcc -o conftest -g -O2   conftest.c conftstm.o >&5
configure:7910: $? = 0
configure:7948: result: ok
configure:7985: checking for sysroot
configure:8015: result: no
configure:8092: gcc -c -g -O2  conftest.c >&5
configure:8095: $? = 0
configure:8284: checking for mt
configure:8300: found /bin/mt
configure:8311: result: mt
configure:8334: checking if mt is a manifest tool
configure:8340: mt '-?'
configure:8348: result: no
configure:8990: checking for sys/types.h
configure:8990: gcc -c -g -O2  conftest.c >&5
configure:8990: $? = 0
configure:8990: result: yes
configure:8990: checking for sys/stat.h
configure:8990: gcc -c -g -O2  conftest.c >&5
configure:8990: $? = 0
configure:8990: result: yes
configure:8990: checking for stdlib.h
configure:8990: gcc -c -g -O2  conftest.c >&5
configure:8990: $? = 0
configure:8990: result: yes
configure:8990: checking for string.h
configure:8990: gcc -c -g -O2  conftest.c >&5
configure:8990: $? = 0
configure:8990: result: yes
configure:8990: checking for memory.h
configure:8990: gcc -c -g -O2  conftest.c >&5
configure:8990: $? = 0
configure:8990: result: yes
configure:8990: checking for strings.h
configure:8990: gcc -c -g -O2  conftest.c >&5
configure:8990: $? = 0
configure:8990: result: yes
configure:8990: checking for inttypes.h
configure:8990: gcc -c -g -O2  conftest.c >&5
configure:8990: $? = 0
configure:8990: result: yes
configure:8990: checking for stdint.h
configure:8990: gcc -c -g -O2  conftest.c >&5
configure:8990: $? = 0
configure:8990: result: yes
configure:8990: checking for unistd.h
configure:8990: gcc -c -g -O2  conftest.c >&5
configure:8990: $? = 0
configure:8990: result: yes
configure:9004: checking for dlfcn.h
configure:9004: gcc -c -g -O2  conftest.c >&5
configure:9004: $? = 0
configure:9004: result: yes
configure:9210: checking for objdir
configure:9225: result: .libs
configure:9492: checking if gcc supports -fno-rtti -fno-exceptions
configure:9510: gcc -c -g -O2  -fno-rtti -fno-exceptions conftest.c >&5
cc1: warning: command line option '-fno-rtti' is valid for C++/ObjC++ but not for C
configure:9514: $? = 0
configure:9527: result: no
configure:9854: checking for gcc option to produce PIC
configure:9861: result: -fPIC -DPIC
configure:9869: checking if gcc PIC flag -fPIC -DPIC works
configure:9887: gcc -c -g -O2  -fPIC -DPIC -DPIC conftest.c >&5
configure:9891: $? = 0
configure:9904: result: yes
configure:9933: checking if gcc static flag -static works
configure:9961: result: yes
configure:9976: checking if gcc supports -c -o file.o
configure:9997: gcc -c -g -O2  -o out/conftest2.o conftest.c >&5
configure:10001: $? = 0
configure:10023: result: yes
configure:10031: checking if gcc supports -c -o file.o
configure:10078: result: yes
configure:10111: checking whether the gcc linker (/usr/bin/ld -m elf_x86_64) supports shared libraries
configure:11268: result: yes
configure:11305: checking whether -lc should be explicitly linked in
configure:11313: gcc -c -g -O2  conftest.c >&5
configure:11316: $? = 0
configure:11331: gcc -shared  -fPIC -DPIC conftest.o  -v -Wl,-soname -Wl,conftest -o conftest 2\>\&1 \| /bin/grep  -lc  \>/dev/null 2\>\&1
configure:11334: $? = 0
configure:11348: result: no
configure:11508: checking dynamic linker characteristics
configure:12008: gcc -o conftest -g -O2   -Wl,-rpath -Wl,/foo conftest.c  >&5
configure:12008: $? = 0
configure:12242: result: GNU/Linux ld.so
configure:12349: checking how to hardcode library paths into programs
configure:12374: result: immediate
configure:12914: checking whether stripping libraries is possible
configure:12919: result: yes
configure:12954: checking if libtool supports shared libraries
configure:12956: result: yes
configure:12959: checking whether to build shared libraries
configure:12980: result: yes
configure:12983: checking whether to build static libraries
configure:12987: result: yes
configure:13080: checking for pkg-config
configure:13098: found /usr/bin/pkg-config
configure:13110: result: /usr/bin/pkg-config
configure:13135: checking pkg-config is at least version 0.9.0
configure:13138: result: yes
configure:13148: checking for PACKAGE
configure:13155: $PKG_CONFIG --exists --print-errors "$pkg_modules"
configure:13158: $? = 0
configure:13172: $PKG_CONFIG --exists --print-errors "$pkg_modules"
configure:13175: $? = 0
configure:13233: result: yes
configure:13243: checking for GLADE_PACKAGE
configure:13250: $PKG_CONFIG --exists --print-errors "$libglade_modules"
configure:13253: $? = 0
configure:13267: $PKG_CONFIG --exists --print-errors "$libglade_modules"
configure:13270: $? = 0
configure:13328: result: yes
configure:13347: checking locale.h usability
configure:13347: gcc -c -g -O2  conftest.c >&5
configure:13347: $? = 0
configure:13347: result: yes
configure:13347: checking locale.h presence
configure:13347: gcc -E  conftest.c
configure:13347: $? = 0
configure:13347: result: yes
configure:13347: checking for locale.h
configure:13347: result: yes
configure:13358: checking for LC_MESSAGES
configure:13374: gcc -o conftest -g -O2   conftest.c  >&5
configure:13374: $? = 0
configure:13382: result: yes
configure:13399: checking libintl.h usability
configure:13399: gcc -c -g -O2  conftest.c >&5
configure:13399: $? = 0
configure:13399: result: yes
configure:13399: checking libintl.h presence
configure:13399: gcc -E  conftest.c
configure:13399: $? = 0
configure:13399: result: yes
configure:13399: checking for libintl.h
configure:13399: result: yes
configure:13407: checking for ngettext in libc
configure:13425: gcc -o conftest -g -O2   conftest.c  >&5
configure:13425: $? = 0
configure:13434: result: yes
configure:13438: checking for dgettext in libc
configure:13456: gcc -o conftest -g -O2   conftest.c  >&5
configure:13456: $? = 0
configure:13465: result: yes
configure:13472: checking for bind_textdomain_codeset
configure:13472: gcc -o conftest -g -O2   conftest.c  >&5
configure:13472: $? = 0
configure:13472: result: yes
configure:13748: checking for msgfmt
configure:13775: result: /usr/bin/msgfmt
configure:13786: checking for dcgettext
configure:13786: gcc -o conftest -g -O2   conftest.c   >&5
conftest.c:51:6: warning: conflicting types for built-in function 'dcgettext'
 char dcgettext ();
      ^
configure:13786: $? = 0
configure:13786: result: yes
configure:13796: checking if msgfmt accepts -c
configure:13811: $MSGFMT -c -o /dev/null conftest.foo
conftest.foo:3: warning: header field 'Language' missing in header
configure:13814: $? = 0
configure:13816: result: yes
configure:13826: checking for gmsgfmt
configure:13857: result: /usr/bin/msgfmt
configure:13867: checking for xgettext
configure:13894: result: /usr/bin/xgettext
configure:13913: gcc -o conftest -g -O2   conftest.c   >&5
configure:13913: $? = 0
configure:13995: checking for catalogs to be installed
configure:14020: result:  ja fr it de es
configure:14165: checking that generated files are newer than configure
configure:14171: result: done
configure:14206: creating ./config.status

## ---------------------- ##
## Running config.status. ##
## ---------------------- ##

This file was extended by config.status, which was
generated by GNU Autoconf 2.69.  Invocation command line was

  CONFIG_FILES    = 
  CONFIG_HEADERS  = 
  CONFIG_LINKS    = 
  CONFIG_COMMANDS = 
  $ ./config.status 

on richter-lenovo-IdeaPad-Z500

config.status:1125: creating Makefile
config.status:1125: creating cnjatool/Makefile
config.status:1125: creating src/Makefile
config.status:1125: creating po/Makefile.in
config.status:1125: creating config.h
config.status:1306: config.h is unchanged
config.status:1354: executing depfiles commands
config.status:1354: executing libtool commands
config.status:1354: executing default-1 commands

## ---------------- ##
## Cache variables. ##
## ---------------- ##

ac_cv_build=x86_64-unknown-linux-gnu
ac_cv_c_compiler_gnu=yes
ac_cv_env_CC_set=
ac_cv_env_CC_value=
ac_cv_env_CFLAGS_set=
ac_cv_env_CFLAGS_value=
ac_cv_env_CPPFLAGS_set=
ac_cv_env_CPPFLAGS_value=
ac_cv_env_CPP_set=
ac_cv_env_CPP_value=
ac_cv_env_GLADE_PACKAGE_CFLAGS_set=
ac_cv_env_GLADE_PACKAGE_CFLAGS_value=
ac_cv_env_GLADE_PACKAGE_LIBS_set=
ac_cv_env_GLADE_PACKAGE_LIBS_value=
ac_cv_env_LDFLAGS_set=
ac_cv_env_LDFLAGS_value=
ac_cv_env_LIBS_set=
ac_cv_env_LIBS_value=
ac_cv_env_PACKAGE_CFLAGS_set=
ac_cv_env_PACKAGE_CFLAGS_value=
ac_cv_env_PACKAGE_LIBS_set=
ac_cv_env_PACKAGE_LIBS_value=
ac_cv_env_PKG_CONFIG_LIBDIR_set=
ac_cv_env_PKG_CONFIG_LIBDIR_value=
ac_cv_env_PKG_CONFIG_PATH_set=
ac_cv_env_PKG_CONFIG_PATH_value=
ac_cv_env_PKG_CONFIG_set=
ac_cv_env_PKG_CONFIG_value=
ac_cv_env_build_alias_set=
ac_cv_env_build_alias_value=
ac_cv_env_host_alias_set=
ac_cv_env_host_alias_value=
ac_cv_env_target_alias_set=
ac_cv_env_target_alias_value=
ac_cv_func_bind_textdomain_codeset=yes
ac_cv_func_dcgettext=yes
ac_cv_header_dlfcn_h=yes
ac_cv_header_inttypes_h=yes
ac_cv_header_libintl_h=yes
ac_cv_header_locale_h=yes
ac_cv_header_memory_h=yes
ac_cv_header_stdc=yes
ac_cv_header_stdint_h=yes
ac_cv_header_stdlib_h=yes
ac_cv_header_string_h=yes
ac_cv_header_strings_h=yes
ac_cv_header_sys_stat_h=yes
ac_cv_header_sys_types_h=yes
ac_cv_header_unistd_h=yes
ac_cv_host=x86_64-unknown-linux-gnu
ac_cv_objext=o
ac_cv_path_EGREP='/bin/grep -E'
ac_cv_path_FGREP='/bin/grep -F'
ac_cv_path_GMSGFMT=/usr/bin/msgfmt
ac_cv_path_GREP=/bin/grep
ac_cv_path_MSGFMT=/usr/bin/msgfmt
ac_cv_path_SED=/bin/sed
ac_cv_path_XGETTEXT=/usr/bin/xgettext
ac_cv_path_ac_pt_PKG_CONFIG=/usr/bin/pkg-config
ac_cv_path_install='/usr/bin/install -c'
ac_cv_path_mkdir=/bin/mkdir
ac_cv_prog_AWK=gawk
ac_cv_prog_CPP='gcc -E'
ac_cv_prog_ac_ct_AR=ar
ac_cv_prog_ac_ct_CC=gcc
ac_cv_prog_ac_ct_MANIFEST_TOOL=mt
ac_cv_prog_ac_ct_OBJDUMP=objdump
ac_cv_prog_ac_ct_RANLIB=ranlib
ac_cv_prog_ac_ct_STRIP=strip
ac_cv_prog_cc_c89=
ac_cv_prog_cc_g=yes
ac_cv_prog_make_make_set=yes
ac_cv_search_strerror='none required'
am_cv_CC_dependencies_compiler_type=gcc3
am_cv_make_support_nested_variables=yes
am_cv_prog_cc_c_o=yes
am_cv_prog_cc_stdc=
am_cv_val_LC_MESSAGES=yes
gt_cv_func_dgettext_libc=yes
gt_cv_func_dgettext_libintl=no
gt_cv_func_ngettext_libc=yes
gt_cv_have_gettext=yes
lt_cv_ar_at_file=@
lt_cv_archive_cmds_need_lc=no
lt_cv_deplibs_check_method=pass_all
lt_cv_file_magic_cmd='$MAGIC_CMD'
lt_cv_file_magic_test_file=
lt_cv_ld_reload_flag=-r
lt_cv_nm_interface='BSD nm'
lt_cv_objdir=.libs
lt_cv_path_LD=/usr/bin/ld
lt_cv_path_NM='/usr/bin/nm -B'
lt_cv_path_mainfest_tool=no
lt_cv_prog_compiler_c_o=yes
lt_cv_prog_compiler_pic='-fPIC -DPIC'
lt_cv_prog_compiler_pic_works=yes
lt_cv_prog_compiler_rtti_exceptions=no
lt_cv_prog_compiler_static_works=yes
lt_cv_prog_gnu_ld=yes
lt_cv_sharedlib_from_linklib_cmd='printf %s\n'
lt_cv_shlibpath_overrides_runpath=no
lt_cv_sys_global_symbol_pipe='sed -n -e '\''s/^.*[	 ]\([ABCDGIRSTW][ABCDGIRSTW]*\)[	 ][	 ]*\([_A-Za-z][_A-Za-z0-9]*\)$/\1 \2 \2/p'\'' | sed '\''/ __gnu_lto/d'\'''
lt_cv_sys_global_symbol_to_c_name_address='sed -n -e '\''s/^: \([^ ]*\)[ ]*$/  {\"\1\", (void *) 0},/p'\'' -e '\''s/^[ABCDGIRSTW]* \([^ ]*\) \([^ ]*\)$/  {"\2", (void *) \&\2},/p'\'''
lt_cv_sys_global_symbol_to_c_name_address_lib_prefix='sed -n -e '\''s/^: \([^ ]*\)[ ]*$/  {\"\1\", (void *) 0},/p'\'' -e '\''s/^[ABCDGIRSTW]* \([^ ]*\) \(lib[^ ]*\)$/  {"\2", (void *) \&\2},/p'\'' -e '\''s/^[ABCDGIRSTW]* \([^ ]*\) \([^ ]*\)$/  {"lib\2", (void *) \&\2},/p'\'''
lt_cv_sys_global_symbol_to_cdecl='sed -n -e '\''s/^T .* \(.*\)$/extern int \1();/p'\'' -e '\''s/^[ABCDGIRSTW]* .* \(.*\)$/extern char \1;/p'\'''
lt_cv_sys_max_cmd_len=1572864
lt_cv_to_host_file_cmd=func_convert_file_noop
lt_cv_to_tool_file_cmd=func_convert_file_noop
pkg_cv_GLADE_PACKAGE_CFLAGS='-I/usr/include/libglade-2.0 -I/usr/include/gtk-2.0 -I/usr/lib/x86_64-linux-gnu/gtk-2.0/include -I/usr/include/gio-unix-2.0/ -I/usr/include/atk-1.0 -I/usr/include/cairo -I/usr/include/pixman-1 -I/usr/include/gdk-pixbuf-2.0 -I/usr/include/libpng12 -I/usr/include/pango-1.0 -pthread -I/usr/include/glib-2.0 -I/usr/lib/x86_64-linux-gnu/glib-2.0/include  -I/usr/include/freetype2 -I/usr/include/harfbuzz -I/usr/include/libxml2  '
pkg_cv_GLADE_PACKAGE_LIBS='-lglade-2.0 -lgtk-x11-2.0 -lgdk-x11-2.0 -lpangocairo-1.0 -latk-1.0 -lcairo -lgdk_pixbuf-2.0 -lgio-2.0 -lpangoft2-1.0 -lpango-1.0 -lgobject-2.0 -lglib-2.0 -lfontconfig -lfreetype -lxml2  '
pkg_cv_PACKAGE_CFLAGS='-I/usr/include/gtk-2.0 -I/usr/lib/x86_64-linux-gnu/gtk-2.0/include -I/usr/include/gio-unix-2.0/ -I/usr/include/atk-1.0 -I/usr/include/cairo -I/usr/include/pixman-1 -I/usr/include/gdk-pixbuf-2.0 -I/usr/include/libpng12 -I/usr/include/pango-1.0 -pthread -I/usr/include/glib-2.0 -I/usr/lib/x86_64-linux-gnu/glib-2.0/include  -I/usr/include/freetype2 -I/usr/include/harfbuzz  '
pkg_cv_PACKAGE_LIBS='-lgtk-x11-2.0 -lgdk-x11-2.0 -lpangocairo-1.0 -latk-1.0 -lcairo -lgdk_pixbuf-2.0 -lgio-2.0 -lpangoft2-1.0 -lpango-1.0 -lgobject-2.0 -lglib-2.0 -lfontconfig -lfreetype  '

## ----------------- ##
## Output variables. ##
## ----------------- ##

ACLOCAL='${SHELL} /home/richter/Hardware/Canon_MF4150/2.90_de_DE/Sources/cndrvcups-common-2.90/cngplp/missing aclocal-1.14'
AMDEPBACKSLASH='\'
AMDEP_FALSE='#'
AMDEP_TRUE=''
AMTAR='$${TAR-tar}'
AM_BACKSLASH='\'
AM_DEFAULT_V='$(AM_DEFAULT_VERBOSITY)'
AM_DEFAULT_VERBOSITY='1'
AM_V='$(V)'
AR='ar'
AUTOCONF='${SHELL} /home/richter/Hardware/Canon_MF4150/2.90_de_DE/Sources/cndrvcups-common-2.90/cngplp/missing autoconf'
AUTOHEADER='${SHELL} /home/richter/Hardware/Canon_MF4150/2.90_de_DE/Sources/cndrvcups-common-2.90/cngplp/missing autoheader'
AUTOMAKE='${SHELL} /home/richter/Hardware/Canon_MF4150/2.90_de_DE/Sources/cndrvcups-common-2.90/cngplp/missing automake-1.14'
AWK='gawk'
CATALOGS=' ja.gmo fr.gmo it.gmo de.gmo es.gmo'
CATOBJEXT='.gmo'
CC='gcc'
CCDEPMODE='depmode=gcc3'
CFLAGS='-g -O2'
CPP='gcc -E'
CPPFLAGS=''
CYGPATH_W='echo'
DATADIRNAME='share'
DEFS='-DHAVE_CONFIG_H'
DEPDIR='.deps'
DLLTOOL='false'
DSYMUTIL=''
DUMPBIN=''
ECHO_C=''
ECHO_N='-n'
ECHO_T=''
EGREP='/bin/grep -E'
EXEEXT=''
FGREP='/bin/grep -F'
GETTEXT_PACKAGE='cngplp'
GLADE_PACKAGE_CFLAGS='-I/usr/include/libglade-2.0 -I/usr/include/gtk-2.0 -I/usr/lib/x86_64-linux-gnu/gtk-2.0/include -I/usr/include/gio-unix-2.0/ -I/usr/include/atk-1.0 -I/usr/include/cairo -I/usr/include/pixman-1 -I/usr/include/gdk-pixbuf-2.0 -I/usr/include/libpng12 -I/usr/include/pango-1.0 -pthread -I/usr/include/glib-2.0 -I/usr/lib/x86_64-linux-gnu/glib-2.0/include  -I/usr/include/freetype2 -I/usr/include/harfbuzz -I/usr/include/libxml2  '
GLADE_PACKAGE_LIBS='-lglade-2.0 -lgtk-x11-2.0 -lgdk-x11-2.0 -lpangocairo-1.0 -latk-1.0 -lcairo -lgdk_pixbuf-2.0 -lgio-2.0 -lpangoft2-1.0 -lpango-1.0 -lgobject-2.0 -lglib-2.0 -lfontconfig -lfreetype -lxml2  '
GMOFILES=' ja.gmo fr.gmo it.gmo de.gmo es.gmo'
GMSGFMT='/usr/bin/msgfmt'
GREP='/bin/grep'
INSTALL_DATA='${INSTALL} -m 644'
INSTALL_PROGRAM='${INSTALL}'
INSTALL_SCRIPT='${INSTALL}'
INSTALL_STRIP_PROGRAM='$(install_sh) -c -s'
INSTOBJEXT='.mo'
INTLLIBS=''
LD='/usr/bin/ld -m elf_x86_64'
LDFLAGS=''
LIBOBJS=''
LIBS=''
LIBTOOL='$(SHELL) $(top_builddir)/libtool'
LIPO=''
LN_S='ln -s'
LTLIBOBJS=''
MAINT=''
MAINTAINER_MODE_FALSE='#'
MAINTAINER_MODE_TRUE=''
MAKEINFO='${SHELL} /home/richter/Hardware/Canon_MF4150/2.90_de_DE/Sources/cndrvcups-common-2.90/cngplp/missing makeinfo'
MANIFEST_TOOL=':'
MKDIR_P='/bin/mkdir -p'
MKINSTALLDIRS='./mkinstalldirs'
MSGFMT='/usr/bin/msgfmt'
MSGFMT_OPTS='-c'
NM='/usr/bin/nm -B'
NMEDIT=''
OBJDUMP='objdump'
OBJEXT='o'
OTOOL64=''
OTOOL=''
PACKAGE='cngplp'
PACKAGE_BUGREPORT=''
PACKAGE_CFLAGS='-I/usr/include/gtk-2.0 -I/usr/lib/x86_64-linux-gnu/gtk-2.0/include -I/usr/include/gio-unix-2.0/ -I/usr/include/atk-1.0 -I/usr/include/cairo -I/usr/include/pixman-1 -I/usr/include/gdk-pixbuf-2.0 -I/usr/include/libpng12 -I/usr/include/pango-1.0 -pthread -I/usr/include/glib-2.0 -I/usr/lib/x86_64-linux-gnu/glib-2.0/include  -I/usr/include/freetype2 -I/usr/include/harfbuzz  '
PACKAGE_LIBS='-lgtk-x11-2.0 -lgdk-x11-2.0 -lpangocairo-1.0 -latk-1.0 -lcairo -lgdk_pixbuf-2.0 -lgio-2.0 -lpangoft2-1.0 -lpango-1.0 -lgobject-2.0 -lglib-2.0 -lfontconfig -lfreetype  '
PACKAGE_NAME=''
PACKAGE_STRING=''
PACKAGE_TARNAME=''
PACKAGE_URL=''
PACKAGE_VERSION=''
PATH_SEPARATOR=':'
PKG_CONFIG='/usr/bin/pkg-config'
PKG_CONFIG_LIBDIR=''
PKG_CONFIG_PATH=''
POFILES=' ja.po fr.po it.po de.po es.po'
POSUB='po'
PO_IN_DATADIR_FALSE=''
PO_IN_DATADIR_TRUE=''
RANLIB='ranlib'
SED='/bin/sed'
SET_MAKE=''
SHELL='/bin/bash'
STRIP='strip'
USE_NLS='yes'
VERSION='0.1'
XGETTEXT='/usr/bin/xgettext'
ac_ct_AR='ar'
ac_ct_CC='gcc'
ac_ct_DUMPBIN=''
am__EXEEXT_FALSE=''
am__EXEEXT_TRUE='#'
am__fastdepCC_FALSE='#'
am__fastdepCC_TRUE=''
am__include='include'
am__isrc=''
am__leading_dot='.'
am__nodep='_no'
am__quote=''
am__tar='$${TAR-tar} chof - "$$tardir"'
am__untar='$${TAR-tar} xf -'
bindir='${exec_prefix}/bin'
build='x86_64-unknown-linux-gnu'
build_alias=''
build_cpu='x86_64'
build_os='linux-gnu'
build_vendor='unknown'
datadir='${datarootdir}'
datarootdir='${prefix}/share'
docdir='${datarootdir}/doc/${PACKAGE}'
dvidir='${docdir}'
exec_prefix='${prefix}'
host='x86_64-unknown-linux-gnu'
host_alias=''
host_cpu='x86_64'
host_os='linux-gnu'
host_vendor='unknown'
htmldir='${docdir}'
includedir='${prefix}/include'
infodir='${datarootdir}/info'
install_sh='${SHELL} /home/richter/Hardware/Canon_MF4150/2.90_de_DE/Sources/cndrvcups-common-2.90/cngplp/install-sh'
libdir='${exec_prefix}/lib'
libexecdir='${exec_prefix}/libexec'
localedir='${datarootdir}/locale'
localstatedir='${prefix}/var'
mandir='${datarootdir}/man'
mkdir_p='$(MKDIR_P)'
oldincludedir='/usr/include'
pdfdir='${docdir}'
prefix='/usr/local'
program_transform_name='s,x,x,'
psdir='${docdir}'
sbindir='${exec_prefix}/sbin'
sharedstatedir='${prefix}/com'
sysconfdir='${prefix}/etc'
target_alias=''

## ----------- ##
## confdefs.h. ##
## ----------- ##

/* confdefs.h */
#define PACKAGE_NAME ""
#define PACKAGE_TARNAME ""
#define PACKAGE_VERSION ""
#define PACKAGE_STRING ""
#define PACKAGE_BUGREPORT ""
#define PACKAGE_URL ""
#define PACKAGE "cngplp"
#define VERSION "0.1"
#define STDC_HEADERS 1
#define HAVE_SYS_TYPES_H 1
#define HAVE_SYS_STAT_H 1
#define HAVE_STDLIB_H 1
#define HAVE_STRING_H 1
#define HAVE_MEMORY_H 1
#define HAVE_STRINGS_H 1
#define HAVE_INTTYPES_H 1
#define HAVE_STDINT_H 1
#define HAVE_UNISTD_H 1
#define HAVE_DLFCN_H 1
#define LT_OBJDIR ".libs/"
#define GETTEXT_PACKAGE "cngplp"
#define HAVE_LOCALE_H 1
#define HAVE_LC_MESSAGES 1
#define HAVE_BIND_TEXTDOMAIN_CODESET 1
#define HAVE_GETTEXT 1
#define HAVE_DCGETTEXT 1
#define ENABLE_NLS 1

configure: exit 0

## ---------------------- ##
## Running config.status. ##
## ---------------------- ##

This file was extended by config.status, which was
generated by GNU Autoconf 2.69.  Invocation command line was

  CONFIG_FILES    = 
  CONFIG_HEADERS  = 
  CONFIG_LINKS    = 
  CONFIG_COMMANDS = 
  $ ./config.status config.h

on richter-lenovo-IdeaPad-Z500

config.status:1125: creating config.h
config.status:1306: config.h is unchanged
